<?xml version="1.0" encoding="UTF-8"?>
<!-- Generated by org.testng.reporters.JUnitXMLReporter -->
<testsuite hostname="NIKASH-PC" ignored="0" name="report_firefox" tests="5" failures="0" timestamp="05 Aug 2017 17:35:24 GMT" time="0.036" errors="0">
  <testcase name="@BeforeTest beforeTest" time="0.0" classname="testNG.Selenium4testing_Screenshot">
    <failure type="org.testng.TestNGException" message="
Parameter &amp;apos;browser&amp;apos; is required by BeforeTest on method beforeTest but has not been marked @Optional or defined
in D:\Workspacefor selenium _Appium\selenium_webdriver\testing3.xml">
      <![CDATA[org.testng.TestNGException: 
Parameter 'browser' is required by BeforeTest on method beforeTest but has not been marked @Optional or defined
in D:\Workspacefor selenium _Appium\selenium_webdriver\testing3.xml
... Removed 20 stack frames]]>
    </failure>
  </testcase> <!-- @BeforeTest beforeTest -->
  <testcase name="@AfterTest afterTest" time="0.0" classname="testNG.Selenium4testing_Screenshot">
    <skipped/>
  </testcase> <!-- @AfterTest afterTest -->
  <testcase name="test1" time="0.0" classname="testNG.Selenium4testing_Screenshot">
    <skipped/>
  </testcase> <!-- test1 -->
  <testcase name="test2" time="0.0" classname="testNG.Selenium4testing_Screenshot">
    <skipped/>
  </testcase> <!-- test2 -->
  <testcase name="test3" time="0.0" classname="testNG.Selenium4testing_Screenshot">
    <skipped/>
  </testcase> <!-- test3 -->
  <testcase name="test4" time="0.0" classname="testNG.Selenium4testing_Screenshot">
    <skipped/>
  </testcase> <!-- test4 -->
  <testcase name="test5" time="0.0" classname="testNG.Selenium4testing_Screenshot">
    <skipped/>
  </testcase> <!-- test5 -->
</testsuite> <!-- report_firefox -->
