<?xml version="1.0" encoding="UTF-8"?>
<!-- Generated by org.testng.reporters.JUnitReportReporter -->
<testsuite skipped="5" hostname="NIKASH-PC" name="testNG.Selenium4testing_Screenshot" tests="11" failures="0" timestamp="05 Aug 2017 17:36:11 GMT" time="32.605" errors="1">
  <testcase name="test5" time="0.000" classname="testNG.Selenium4testing_Screenshot">
    <skipped/>
  </testcase> <!-- test5 -->
  <testcase name="test2" time="4.155" classname="testNG.Selenium4testing_Screenshot"/>
  <testcase name="test3" time="0.000" classname="testNG.Selenium4testing_Screenshot">
    <skipped/>
  </testcase> <!-- test3 -->
  <testcase name="test5" time="15.943" classname="testNG.Selenium4testing_Screenshot"/>
  <testcase name="test1" time="4.051" classname="testNG.Selenium4testing_Screenshot"/>
  <testcase name="test1" time="0.000" classname="testNG.Selenium4testing_Screenshot">
    <skipped/>
  </testcase> <!-- test1 -->
  <testcase name="test4" time="0.000" classname="testNG.Selenium4testing_Screenshot">
    <skipped/>
  </testcase> <!-- test4 -->
  <testcase name="beforeTest" time="0.000" classname="testNG.Selenium4testing_Screenshot">
    <error type="org.testng.TestNGException" message="
Parameter &#039;browser&#039; is required by BeforeTest on method beforeTest but has not been marked @Optional or defined
in D:\Workspacefor selenium _Appium\selenium_webdriver\testing3.xml">
      <![CDATA[org.testng.TestNGException: 
Parameter 'browser' is required by BeforeTest on method beforeTest but has not been marked @Optional or defined
in D:\Workspacefor selenium _Appium\selenium_webdriver\testing3.xml
	at org.testng.internal.Parameters.createParameters(Parameters.java:199)
	at org.testng.internal.Parameters.createParameters(Parameters.java:443)
	at org.testng.internal.Parameters.createConfigurationParameters(Parameters.java:118)
	at org.testng.internal.Invoker.invokeConfigurations(Invoker.java:206)
	at org.testng.internal.Invoker.invokeConfigurations(Invoker.java:146)
	at org.testng.TestRunner.beforeRun(TestRunner.java:626)
	at org.testng.TestRunner.run(TestRunner.java:594)
	at org.testng.SuiteRunner.runTest(SuiteRunner.java:380)
	at org.testng.SuiteRunner.runSequentially(SuiteRunner.java:375)
	at org.testng.SuiteRunner.privateRun(SuiteRunner.java:340)
	at org.testng.SuiteRunner.run(SuiteRunner.java:289)
	at org.testng.SuiteRunnerWorker.runSuite(SuiteRunnerWorker.java:52)
	at org.testng.SuiteRunnerWorker.run(SuiteRunnerWorker.java:86)
	at org.testng.TestNG.runSuitesSequentially(TestNG.java:1301)
	at org.testng.TestNG.runSuitesLocally(TestNG.java:1226)
	at org.testng.TestNG.runSuites(TestNG.java:1144)
	at org.testng.TestNG.run(TestNG.java:1115)
	at org.testng.remote.AbstractRemoteTestNG.run(AbstractRemoteTestNG.java:132)
	at org.testng.remote.RemoteTestNG.initAndRun(RemoteTestNG.java:230)
	at org.testng.remote.RemoteTestNG.main(RemoteTestNG.java:76)
]]>
    </error>
  </testcase> <!-- beforeTest -->
  <testcase name="test2" time="0.000" classname="testNG.Selenium4testing_Screenshot">
    <skipped/>
  </testcase> <!-- test2 -->
  <testcase name="test3" time="4.406" classname="testNG.Selenium4testing_Screenshot"/>
  <testcase name="test4" time="4.050" classname="testNG.Selenium4testing_Screenshot"/>
</testsuite> <!-- testNG.Selenium4testing_Screenshot -->
